nohup: ignoring input

> eliza@ start /home/ubuntu/eliza
> pnpm --filter "@elizaos/agent" start --isRoot "--character=/home/ubuntu/eternalai.character.json"


> @elizaos/agent@0.1.8+build.1 start /home/ubuntu/eliza/agent
> node --loader ts-node/esm src/index.ts "--isRoot" "--character=/home/ubuntu/eternalai.character.json"

(node:3566878) ExperimentalWarning: `--experimental-loader` may be removed in the future; instead use `register()`:
--import 'data:text/javascript,import { register } from "node:module"; import { pathToFileURL } from "node:url"; register("ts-node/esm", pathToFileURL("./"));'
(Use `node --trace-warnings ...` to show where the warning was created)
(node:3566878) [DEP0180] DeprecationWarning: fs.Stats constructor is deprecated.
(Use `node --trace-deprecation ...` to show where the warning was created)

node:internal/modules/run_main:122
    triggerUncaughtException(
    ^
Error: Cannot find module '/home/ubuntu/eliza/agent/node_modules/@elizaos/adapter-pglite/dist/index.js' imported from /home/ubuntu/eliza/agent/src/index.ts
    at finalizeResolution (/home/ubuntu/eliza/node_modules/ts-node/dist-raw/node-internal-modules-esm-resolve.js:352:11)
    at moduleResolve (/home/ubuntu/eliza/node_modules/ts-node/dist-raw/node-internal-modules-esm-resolve.js:801:10)
    at Object.defaultResolve (/home/ubuntu/eliza/node_modules/ts-node/dist-raw/node-internal-modules-esm-resolve.js:912:11)
    at /home/ubuntu/eliza/node_modules/ts-node/src/esm.ts:218:35
    at entrypointFallback (/home/ubuntu/eliza/node_modules/ts-node/src/esm.ts:168:34)
    at /home/ubuntu/eliza/node_modules/ts-node/src/esm.ts:217:14
    at addShortCircuitFlag (/home/ubuntu/eliza/node_modules/ts-node/src/esm.ts:409:21)
    at resolve (/home/ubuntu/eliza/node_modules/ts-node/src/esm.ts:197:12)
    at nextResolve (node:internal/modules/esm/hooks:748:28)
    at Hooks.resolve (node:internal/modules/esm/hooks:240:30)

Node.js v23.3.0
/home/ubuntu/eliza/agent:
 ERR_PNPM_RECURSIVE_RUN_FIRST_FAIL  @elizaos/agent@0.1.8+build.1 start: `node --loader ts-node/esm src/index.ts "--isRoot" "--character=/home/ubuntu/eternalai.character.json"`
Exit status 1
 ELIFECYCLE  Command failed with exit code 1.
